#-----------------------------------------------------------
# Webtalk v2018.1 (64-bit)
# SW Build 2188600 on Wed Apr  4 18:40:38 MDT 2018
# 
# Start of session at: Tue Jun 17 21:54:30 2025
# Process ID: 18760
# Current directory: C:/LSE/cese_clp/tp_softcore/ip_synth/tp_softcore_ip/tp_softcore_ip.sdk/webtalk
# Command line: wbtcv.exe -mode batch -source sdk_webtalk.tcl
# Log file: C:/LSE/cese_clp/tp_softcore/ip_synth/tp_softcore_ip/tp_softcore_ip.sdk/webtalk/webtalk.log
# Journal file: C:/LSE/cese_clp/tp_softcore/ip_synth/tp_softcore_ip/tp_softcore_ip.sdk/webtalk\webtalk.jou
#-----------------------------------------------------------
source sdk_webtalk.tcl
# webtalk_init -webtalk_dir C:\\LSE\\cese_clp\\tp_softcore\\ip_synth\\tp_softcore_ip\\tp_softcore_ip.sdk\\webtalk
# webtalk_register_client -client project
# webtalk_add_data -client project -key date_generated -value "2025-06-17 21:54:29" -context "software_version_and_target_device"
# webtalk_add_data -client project -key product_version -value "SDK v2018.1" -context "software_version_and_target_device"
# webtalk_add_data -client project -key build_version -value "2018.1" -context "software_version_and_target_device"
# webtalk_add_data -client project -key os_platform -value "amd64" -context "software_version_and_target_device"
# webtalk_add_data -client project -key registration_id -value "" -context "software_version_and_target_device"
# webtalk_add_data -client project -key tool_flow -value "SDK" -context "software_version_and_target_device"
# webtalk_add_data -client project -key beta -value "false" -context "software_version_and_target_device"
# webtalk_add_data -client project -key route_design -value "NA" -context "software_version_and_target_device"
# webtalk_add_data -client project -key target_family -value "NA" -context "software_version_and_target_device"
# webtalk_add_data -client project -key target_device -value "NA" -context "software_version_and_target_device"
# webtalk_add_data -client project -key target_package -value "NA" -context "software_version_and_target_device"
# webtalk_add_data -client project -key target_speed -value "NA" -context "software_version_and_target_device"
# webtalk_add_data -client project -key random_id -value "npsu1ljvm184j4gv67afctgbn5" -context "software_version_and_target_device"
# webtalk_add_data -client project -key project_id -value "2018.1_3" -context "software_version_and_target_device"
# webtalk_add_data -client project -key project_iteration -value "3" -context "software_version_and_target_device"
# webtalk_add_data -client project -key os_name -value "Microsoft Windows 8 or later , 64-bit" -context "user_environment"
# webtalk_add_data -client project -key os_release -value "major release  (build 9200)" -context "user_environment"
# webtalk_add_data -client project -key cpu_name -value "AMD Ryzen 7 4700U with Radeon Graphics         " -context "user_environment"
# webtalk_add_data -client project -key cpu_speed -value "1996 MHz" -context "user_environment"
# webtalk_add_data -client project -key total_processors -value "1" -context "user_environment"
# webtalk_add_data -client project -key system_ram -value "7.969 GB" -context "user_environment"
# webtalk_register_client -client sdk
# webtalk_add_data -client sdk -key uid -value "1750190545912" -context "sdk\\\\hardware/1750190545912"
# webtalk_add_data -client sdk -key isZynq -value "true" -context "sdk\\\\hardware/1750190545912"
# webtalk_add_data -client sdk -key isZynqMP -value "false" -context "sdk\\\\hardware/1750190545912"
# webtalk_add_data -client sdk -key Processors -value "2" -context "sdk\\\\hardware/1750190545912"
# webtalk_add_data -client sdk -key VivadoVersion -value "2018.1" -context "sdk\\\\hardware/1750190545912"
# webtalk_add_data -client sdk -key Arch -value "zynq" -context "sdk\\\\hardware/1750190545912"
# webtalk_add_data -client sdk -key Device -value "7z010" -context "sdk\\\\hardware/1750190545912"
# webtalk_add_data -client sdk -key IsHandoff -value "true" -context "sdk\\\\hardware/1750190545912"
# webtalk_add_data -client sdk -key os -value "NA" -context "sdk\\\\hardware/1750190545912"
# webtalk_add_data -client sdk -key apptemplate -value "NA" -context "sdk\\\\hardware/1750190545912"
# webtalk_add_data -client sdk -key RecordType -value "HWCreation" -context "sdk\\\\hardware/1750190545912"
# webtalk_add_data -client sdk -key uid -value "1750190567352" -context "sdk\\\\bsp/1750190567352"
# webtalk_add_data -client sdk -key hwid -value "1750190545912" -context "sdk\\\\bsp/1750190567352"
# webtalk_add_data -client sdk -key os -value "standalone" -context "sdk\\\\bsp/1750190567352"
# webtalk_add_data -client sdk -key apptemplate -value "empty_application" -context "sdk\\\\bsp/1750190567352"
# webtalk_add_data -client sdk -key RecordType -value "BSPCreation" -context "sdk\\\\bsp/1750190567352"
# webtalk_add_data -client sdk -key uid -value "1750190572264" -context "sdk\\\\application/1750190572264"
# webtalk_add_data -client sdk -key hwid -value "1750190545912" -context "sdk\\\\application/1750190572264"
# webtalk_add_data -client sdk -key bspid -value "1750190567352" -context "sdk\\\\application/1750190572264"
# webtalk_add_data -client sdk -key newbsp -value "true" -context "sdk\\\\application/1750190572264"
# webtalk_add_data -client sdk -key os -value "standalone" -context "sdk\\\\application/1750190572264"
# webtalk_add_data -client sdk -key apptemplate -value "empty_application" -context "sdk\\\\application/1750190572264"
# webtalk_add_data -client sdk -key RecordType -value "APPCreation" -context "sdk\\\\application/1750190572264"
# webtalk_add_data -client sdk -key LangUsed -value "C" -context "sdk\\\\application/1750190572264"
# webtalk_add_data -client sdk -key Procused -value "ps7_cortexa9" -context "sdk\\\\application/1750190572264"
# webtalk_add_data -client sdk -key projSize -value "222.39453125" -context "sdk\\\\application/1750190572264"
# webtalk_add_data -client sdk -key uid -value "NA" -context "sdk\\\\bsp/1750215269382"
# webtalk_add_data -client sdk -key RecordType -value "ToolUsage" -context "sdk\\\\bsp/1750215269382"
# webtalk_add_data -client sdk -key BootgenCount -value "0" -context "sdk\\\\bsp/1750215269382"
# webtalk_add_data -client sdk -key DebugCount -value "6" -context "sdk\\\\bsp/1750215269382"
# webtalk_add_data -client sdk -key PerfCount -value "0" -context "sdk\\\\bsp/1750215269382"
# webtalk_add_data -client sdk -key FlashCount -value "0" -context "sdk\\\\bsp/1750215269382"
# webtalk_add_data -client sdk -key CrossTriggCount -value "0" -context "sdk\\\\bsp/1750215269382"
# webtalk_add_data -client sdk -key QemuDebugCount -value "0" -context "sdk\\\\bsp/1750215269382"
# webtalk_transmit -clientid 3833432561 -regid "" -xml C:\\LSE\\cese_clp\\tp_softcore\\ip_synth\\tp_softcore_ip\\tp_softcore_ip.sdk\\webtalk\\usage_statistics_ext_sdk.xml -html C:\\LSE\\cese_clp\\tp_softcore\\ip_synth\\tp_softcore_ip\\tp_softcore_ip.sdk\\webtalk\\usage_statistics_ext_sdk.html -wdm C:\\LSE\\cese_clp\\tp_softcore\\ip_synth\\tp_softcore_ip\\tp_softcore_ip.sdk\\webtalk\\sdk_webtalk.wdm -intro "<H3>SDK Usage Report</H3><BR>"
# webtalk_terminate
INFO: [Common 17-206] Exiting Webtalk at Tue Jun 17 21:54:37 2025...
