15:02:06 INFO  : Registering command handlers for SDK TCF services
15:02:07 INFO  : Launching XSCT server: xsct.bat -interactive C:\LSE\cese_clp\tp_softcore\ip_synth\tp_softcore_ip\tp_softcore_ip.sdk\temp_xsdb_launch_script.tcl
15:02:11 INFO  : XSCT server has started successfully.
15:02:18 INFO  : Successfully done setting XSCT server connection channel  
15:02:18 INFO  : Successfully done setting SDK workspace  
15:02:18 INFO  : Processing command line option -hwspec C:/LSE/cese_clp/tp_softcore/ip_synth/tp_softcore_ip/tp_softcore_ip.sdk/system.hdf.
15:05:56 INFO  : Connected to target on host 'lseserver.ddns.net' and port '3121'.
15:06:01 INFO  : Connected to target on host 'lseserver.ddns.net' and port '3121'.
15:06:06 INFO  : Connected to target on host 'lseserver.ddns.net' and port '3121'.
15:24:18 INFO  : 'targets -set -filter {jtag_cable_name =~ "Digilent Arty Z7 003017A4C8ABA" && level==0} -index 1' command is executed.
15:24:19 INFO  : 'fpga -state' command is executed.
15:24:19 INFO  : Connected to target on host 'lseserver.ddns.net' and port '3121'.
15:24:19 WARN  : SDK version '2018.1' doesn't match hw_server version '2023.2'. Some debug features may not work.
15:24:21 INFO  : Jtag cable 'Digilent Arty Z7 003017A4C8ABA' is selected.
15:24:22 INFO  : 'jtag frequency' command is executed.
15:24:22 INFO  : Sourcing of 'C:/LSE/cese_clp/tp_softcore/ip_synth/tp_softcore_ip/tp_softcore_ip.sdk/system_hw_platform_0/ps7_init.tcl' is done.
15:24:22 INFO  : Context for 'APU' is selected.
15:24:24 INFO  : Hardware design information is loaded from 'C:/LSE/cese_clp/tp_softcore/ip_synth/tp_softcore_ip/tp_softcore_ip.sdk/system_hw_platform_0/system.hdf'.
15:24:24 INFO  : 'configparams force-mem-access 1' command is executed.
15:24:24 INFO  : Context for 'APU' is selected.
15:24:25 INFO  : 'stop' command is executed.
15:27:10 INFO  : 'ps7_init' command is executed.
15:27:14 INFO  : 'ps7_post_config' command is executed.
15:27:15 INFO  : Context for processor 'ps7_cortexa9_0' is selected.
15:27:16 INFO  : Processor reset is completed for 'ps7_cortexa9_0'.
15:27:17 INFO  : Context for processor 'ps7_cortexa9_0' is selected.
15:27:19 INFO  : The application 'C:/LSE/cese_clp/tp_softcore/ip_synth/tp_softcore_ip/tp_softcore_ip.sdk/fir_app/Debug/fir_app.elf' is downloaded to processor 'ps7_cortexa9_0'.
15:27:19 INFO  : 'configparams force-mem-access 0' command is executed.
15:27:19 INFO  : ----------------XSDB Script----------------
connect -url tcp:lseserver.ddns.net:3121
source C:/LSE/cese_clp/tp_softcore/ip_synth/tp_softcore_ip/tp_softcore_ip.sdk/system_hw_platform_0/ps7_init.tcl
targets -set -nocase -filter {name =~"APU*" && jtag_cable_name =~ "Digilent Arty Z7 003017A4C8ABA"} -index 0
loadhw -hw C:/LSE/cese_clp/tp_softcore/ip_synth/tp_softcore_ip/tp_softcore_ip.sdk/system_hw_platform_0/system.hdf -mem-ranges [list {0x40000000 0xbfffffff}]
configparams force-mem-access 1
targets -set -nocase -filter {name =~"APU*" && jtag_cable_name =~ "Digilent Arty Z7 003017A4C8ABA"} -index 0
stop
ps7_init
ps7_post_config
targets -set -nocase -filter {name =~ "ARM*#0" && jtag_cable_name =~ "Digilent Arty Z7 003017A4C8ABA"} -index 0
rst -processor
targets -set -nocase -filter {name =~ "ARM*#0" && jtag_cable_name =~ "Digilent Arty Z7 003017A4C8ABA"} -index 0
dow C:/LSE/cese_clp/tp_softcore/ip_synth/tp_softcore_ip/tp_softcore_ip.sdk/fir_app/Debug/fir_app.elf
configparams force-mem-access 0
----------------End of Script----------------

15:27:21 INFO  : Memory regions updated for context APU
15:27:22 INFO  : Context for processor 'ps7_cortexa9_0' is selected.
15:27:22 INFO  : 'con' command is executed.
15:27:22 INFO  : ----------------XSDB Script (After Launch)----------------
targets -set -nocase -filter {name =~ "ARM*#0" && jtag_cable_name =~ "Digilent Arty Z7 003017A4C8ABA"} -index 0
con
----------------End of Script----------------

15:27:22 INFO  : Launch script is exported to file 'C:\LSE\cese_clp\tp_softcore\ip_synth\tp_softcore_ip\tp_softcore_ip.sdk\.sdk\launch_scripts\xilinx_c-c++_application_(system_debugger)\fir_remote.tcl'
15:28:34 INFO  : Disconnected from the channel tcfchan#1.
15:28:38 INFO  : 'targets -set -filter {jtag_cable_name =~ "Digilent Arty Z7 003017A4C8ABA" && level==0} -index 1' command is executed.
15:28:39 INFO  : 'fpga -state' command is executed.
15:28:39 INFO  : Connected to target on host 'lseserver.ddns.net' and port '3121'.
15:28:39 WARN  : SDK version '2018.1' doesn't match hw_server version '2023.2'. Some debug features may not work.
15:28:41 INFO  : Jtag cable 'Digilent Arty Z7 003017A4C8ABA' is selected.
15:28:42 INFO  : 'jtag frequency' command is executed.
15:28:42 INFO  : Sourcing of 'C:/LSE/cese_clp/tp_softcore/ip_synth/tp_softcore_ip/tp_softcore_ip.sdk/system_hw_platform_0/ps7_init.tcl' is done.
15:28:42 INFO  : Context for 'APU' is selected.
15:28:46 INFO  : Hardware design information is loaded from 'C:/LSE/cese_clp/tp_softcore/ip_synth/tp_softcore_ip/tp_softcore_ip.sdk/system_hw_platform_0/system.hdf'.
15:28:46 INFO  : 'configparams force-mem-access 1' command is executed.
15:28:46 INFO  : Context for 'APU' is selected.
15:28:47 INFO  : 'stop' command is executed.
15:30:21 INFO  : 'ps7_init' command is executed.
15:30:23 INFO  : 'ps7_post_config' command is executed.
15:30:24 INFO  : Context for processor 'ps7_cortexa9_0' is selected.
15:30:25 INFO  : Processor reset is completed for 'ps7_cortexa9_0'.
15:30:25 INFO  : Context for processor 'ps7_cortexa9_0' is selected.
15:30:27 INFO  : The application 'C:/LSE/cese_clp/tp_softcore/ip_synth/tp_softcore_ip/tp_softcore_ip.sdk/fir_app/Debug/fir_app.elf' is downloaded to processor 'ps7_cortexa9_0'.
15:30:27 INFO  : 'configparams force-mem-access 0' command is executed.
15:30:27 INFO  : ----------------XSDB Script----------------
connect -url tcp:lseserver.ddns.net:3121
source C:/LSE/cese_clp/tp_softcore/ip_synth/tp_softcore_ip/tp_softcore_ip.sdk/system_hw_platform_0/ps7_init.tcl
targets -set -nocase -filter {name =~"APU*" && jtag_cable_name =~ "Digilent Arty Z7 003017A4C8ABA"} -index 0
loadhw -hw C:/LSE/cese_clp/tp_softcore/ip_synth/tp_softcore_ip/tp_softcore_ip.sdk/system_hw_platform_0/system.hdf -mem-ranges [list {0x40000000 0xbfffffff}]
configparams force-mem-access 1
targets -set -nocase -filter {name =~"APU*" && jtag_cable_name =~ "Digilent Arty Z7 003017A4C8ABA"} -index 0
stop
ps7_init
ps7_post_config
targets -set -nocase -filter {name =~ "ARM*#0" && jtag_cable_name =~ "Digilent Arty Z7 003017A4C8ABA"} -index 0
rst -processor
targets -set -nocase -filter {name =~ "ARM*#0" && jtag_cable_name =~ "Digilent Arty Z7 003017A4C8ABA"} -index 0
dow C:/LSE/cese_clp/tp_softcore/ip_synth/tp_softcore_ip/tp_softcore_ip.sdk/fir_app/Debug/fir_app.elf
configparams force-mem-access 0
----------------End of Script----------------

15:30:29 INFO  : Memory regions updated for context APU
15:30:29 INFO  : Context for processor 'ps7_cortexa9_0' is selected.
15:30:30 INFO  : 'con' command is executed.
15:30:30 INFO  : ----------------XSDB Script (After Launch)----------------
targets -set -nocase -filter {name =~ "ARM*#0" && jtag_cable_name =~ "Digilent Arty Z7 003017A4C8ABA"} -index 0
con
----------------End of Script----------------

15:30:30 INFO  : Launch script is exported to file 'C:\LSE\cese_clp\tp_softcore\ip_synth\tp_softcore_ip\tp_softcore_ip.sdk\.sdk\launch_scripts\xilinx_c-c++_application_(system_debugger)\fir_remote.tcl'
15:34:24 INFO  : Disconnected from the channel tcfchan#2.
15:34:28 INFO  : 'targets -set -filter {jtag_cable_name =~ "Digilent Arty Z7 003017A4C8ABA" && level==0} -index 1' command is executed.
15:34:29 INFO  : 'fpga -state' command is executed.
15:34:29 INFO  : Connected to target on host 'lseserver.ddns.net' and port '3121'.
15:34:29 WARN  : SDK version '2018.1' doesn't match hw_server version '2023.2'. Some debug features may not work.
15:34:32 INFO  : Jtag cable 'Digilent Arty Z7 003017A4C8ABA' is selected.
15:34:32 INFO  : 'jtag frequency' command is executed.
15:34:32 INFO  : Sourcing of 'C:/LSE/cese_clp/tp_softcore/ip_synth/tp_softcore_ip/tp_softcore_ip.sdk/system_hw_platform_0/ps7_init.tcl' is done.
15:34:32 INFO  : Context for 'APU' is selected.
15:34:36 INFO  : Hardware design information is loaded from 'C:/LSE/cese_clp/tp_softcore/ip_synth/tp_softcore_ip/tp_softcore_ip.sdk/system_hw_platform_0/system.hdf'.
15:34:36 INFO  : 'configparams force-mem-access 1' command is executed.
15:34:36 INFO  : Context for 'APU' is selected.
15:34:37 INFO  : 'stop' command is executed.
15:36:16 INFO  : 'ps7_init' command is executed.
15:36:18 INFO  : 'ps7_post_config' command is executed.
15:36:19 INFO  : Context for processor 'ps7_cortexa9_0' is selected.
15:36:20 INFO  : Processor reset is completed for 'ps7_cortexa9_0'.
15:36:20 INFO  : Context for processor 'ps7_cortexa9_0' is selected.
15:36:23 INFO  : The application 'C:/LSE/cese_clp/tp_softcore/ip_synth/tp_softcore_ip/tp_softcore_ip.sdk/fir_app/Debug/fir_app.elf' is downloaded to processor 'ps7_cortexa9_0'.
15:36:23 INFO  : 'configparams force-mem-access 0' command is executed.
15:36:23 INFO  : ----------------XSDB Script----------------
connect -url tcp:lseserver.ddns.net:3121
source C:/LSE/cese_clp/tp_softcore/ip_synth/tp_softcore_ip/tp_softcore_ip.sdk/system_hw_platform_0/ps7_init.tcl
targets -set -nocase -filter {name =~"APU*" && jtag_cable_name =~ "Digilent Arty Z7 003017A4C8ABA"} -index 0
loadhw -hw C:/LSE/cese_clp/tp_softcore/ip_synth/tp_softcore_ip/tp_softcore_ip.sdk/system_hw_platform_0/system.hdf -mem-ranges [list {0x40000000 0xbfffffff}]
configparams force-mem-access 1
targets -set -nocase -filter {name =~"APU*" && jtag_cable_name =~ "Digilent Arty Z7 003017A4C8ABA"} -index 0
stop
ps7_init
ps7_post_config
targets -set -nocase -filter {name =~ "ARM*#0" && jtag_cable_name =~ "Digilent Arty Z7 003017A4C8ABA"} -index 0
rst -processor
targets -set -nocase -filter {name =~ "ARM*#0" && jtag_cable_name =~ "Digilent Arty Z7 003017A4C8ABA"} -index 0
dow C:/LSE/cese_clp/tp_softcore/ip_synth/tp_softcore_ip/tp_softcore_ip.sdk/fir_app/Debug/fir_app.elf
configparams force-mem-access 0
----------------End of Script----------------

15:36:26 INFO  : Memory regions updated for context APU
15:36:26 INFO  : Context for processor 'ps7_cortexa9_0' is selected.
15:36:26 INFO  : 'con' command is executed.
15:36:26 INFO  : ----------------XSDB Script (After Launch)----------------
targets -set -nocase -filter {name =~ "ARM*#0" && jtag_cable_name =~ "Digilent Arty Z7 003017A4C8ABA"} -index 0
con
----------------End of Script----------------

15:36:26 INFO  : Launch script is exported to file 'C:\LSE\cese_clp\tp_softcore\ip_synth\tp_softcore_ip\tp_softcore_ip.sdk\.sdk\launch_scripts\xilinx_c-c++_application_(system_debugger)\fir_remote.tcl'
15:39:13 INFO  : Disconnected from the channel tcfchan#3.
15:39:18 INFO  : 'targets -set -filter {jtag_cable_name =~ "Digilent Arty Z7 003017A4C8ABA" && level==0} -index 1' command is executed.
15:39:18 INFO  : 'fpga -state' command is executed.
15:39:18 INFO  : Connected to target on host 'lseserver.ddns.net' and port '3121'.
15:39:18 WARN  : SDK version '2018.1' doesn't match hw_server version '2023.2'. Some debug features may not work.
15:39:23 INFO  : Jtag cable 'Digilent Arty Z7 003017A4C8ABA' is selected.
15:39:23 INFO  : 'jtag frequency' command is executed.
15:39:23 INFO  : Sourcing of 'C:/LSE/cese_clp/tp_softcore/ip_synth/tp_softcore_ip/tp_softcore_ip.sdk/system_hw_platform_0/ps7_init.tcl' is done.
15:39:24 INFO  : Context for 'APU' is selected.
15:39:28 INFO  : Hardware design information is loaded from 'C:/LSE/cese_clp/tp_softcore/ip_synth/tp_softcore_ip/tp_softcore_ip.sdk/system_hw_platform_0/system.hdf'.
15:39:28 INFO  : 'configparams force-mem-access 1' command is executed.
15:39:28 INFO  : Context for 'APU' is selected.
15:39:29 INFO  : 'stop' command is executed.
15:41:05 INFO  : 'ps7_init' command is executed.
15:41:08 INFO  : 'ps7_post_config' command is executed.
15:41:08 INFO  : Context for processor 'ps7_cortexa9_0' is selected.
15:41:09 INFO  : Processor reset is completed for 'ps7_cortexa9_0'.
15:41:09 INFO  : Context for processor 'ps7_cortexa9_0' is selected.
15:41:11 INFO  : The application 'C:/LSE/cese_clp/tp_softcore/ip_synth/tp_softcore_ip/tp_softcore_ip.sdk/fir_app/Debug/fir_app.elf' is downloaded to processor 'ps7_cortexa9_0'.
15:41:11 INFO  : 'configparams force-mem-access 0' command is executed.
15:41:11 INFO  : ----------------XSDB Script----------------
connect -url tcp:lseserver.ddns.net:3121
source C:/LSE/cese_clp/tp_softcore/ip_synth/tp_softcore_ip/tp_softcore_ip.sdk/system_hw_platform_0/ps7_init.tcl
targets -set -nocase -filter {name =~"APU*" && jtag_cable_name =~ "Digilent Arty Z7 003017A4C8ABA"} -index 0
loadhw -hw C:/LSE/cese_clp/tp_softcore/ip_synth/tp_softcore_ip/tp_softcore_ip.sdk/system_hw_platform_0/system.hdf -mem-ranges [list {0x40000000 0xbfffffff}]
configparams force-mem-access 1
targets -set -nocase -filter {name =~"APU*" && jtag_cable_name =~ "Digilent Arty Z7 003017A4C8ABA"} -index 0
stop
ps7_init
ps7_post_config
targets -set -nocase -filter {name =~ "ARM*#0" && jtag_cable_name =~ "Digilent Arty Z7 003017A4C8ABA"} -index 0
rst -processor
targets -set -nocase -filter {name =~ "ARM*#0" && jtag_cable_name =~ "Digilent Arty Z7 003017A4C8ABA"} -index 0
dow C:/LSE/cese_clp/tp_softcore/ip_synth/tp_softcore_ip/tp_softcore_ip.sdk/fir_app/Debug/fir_app.elf
configparams force-mem-access 0
----------------End of Script----------------

15:41:13 INFO  : Memory regions updated for context APU
15:41:14 INFO  : Context for processor 'ps7_cortexa9_0' is selected.
15:41:14 INFO  : 'con' command is executed.
15:41:14 INFO  : ----------------XSDB Script (After Launch)----------------
targets -set -nocase -filter {name =~ "ARM*#0" && jtag_cable_name =~ "Digilent Arty Z7 003017A4C8ABA"} -index 0
con
----------------End of Script----------------

15:41:14 INFO  : Launch script is exported to file 'C:\LSE\cese_clp\tp_softcore\ip_synth\tp_softcore_ip\tp_softcore_ip.sdk\.sdk\launch_scripts\xilinx_c-c++_application_(system_debugger)\fir_remote.tcl'
15:44:08 INFO  : Disconnected from the channel tcfchan#4.
15:44:12 INFO  : 'targets -set -filter {jtag_cable_name =~ "Digilent Arty Z7 003017A4C8ABA" && level==0} -index 1' command is executed.
15:44:13 INFO  : 'fpga -state' command is executed.
15:44:13 INFO  : Connected to target on host 'lseserver.ddns.net' and port '3121'.
15:44:13 WARN  : SDK version '2018.1' doesn't match hw_server version '2023.2'. Some debug features may not work.
15:44:14 INFO  : Jtag cable 'Digilent Arty Z7 003017A4C8ABA' is selected.
15:44:15 INFO  : 'jtag frequency' command is executed.
15:44:15 INFO  : Sourcing of 'C:/LSE/cese_clp/tp_softcore/ip_synth/tp_softcore_ip/tp_softcore_ip.sdk/system_hw_platform_0/ps7_init.tcl' is done.
15:44:15 INFO  : Context for 'APU' is selected.
15:44:19 INFO  : Hardware design information is loaded from 'C:/LSE/cese_clp/tp_softcore/ip_synth/tp_softcore_ip/tp_softcore_ip.sdk/system_hw_platform_0/system.hdf'.
15:44:19 INFO  : 'configparams force-mem-access 1' command is executed.
15:44:19 INFO  : Context for 'APU' is selected.
15:44:20 INFO  : 'stop' command is executed.
15:45:58 INFO  : 'ps7_init' command is executed.
15:46:00 INFO  : 'ps7_post_config' command is executed.
15:46:00 INFO  : Context for processor 'ps7_cortexa9_0' is selected.
15:46:01 INFO  : Processor reset is completed for 'ps7_cortexa9_0'.
15:46:02 INFO  : Context for processor 'ps7_cortexa9_0' is selected.
15:46:03 INFO  : The application 'C:/LSE/cese_clp/tp_softcore/ip_synth/tp_softcore_ip/tp_softcore_ip.sdk/fir_app/Debug/fir_app.elf' is downloaded to processor 'ps7_cortexa9_0'.
15:46:04 INFO  : 'configparams force-mem-access 0' command is executed.
15:46:04 INFO  : ----------------XSDB Script----------------
connect -url tcp:lseserver.ddns.net:3121
source C:/LSE/cese_clp/tp_softcore/ip_synth/tp_softcore_ip/tp_softcore_ip.sdk/system_hw_platform_0/ps7_init.tcl
targets -set -nocase -filter {name =~"APU*" && jtag_cable_name =~ "Digilent Arty Z7 003017A4C8ABA"} -index 0
loadhw -hw C:/LSE/cese_clp/tp_softcore/ip_synth/tp_softcore_ip/tp_softcore_ip.sdk/system_hw_platform_0/system.hdf -mem-ranges [list {0x40000000 0xbfffffff}]
configparams force-mem-access 1
targets -set -nocase -filter {name =~"APU*" && jtag_cable_name =~ "Digilent Arty Z7 003017A4C8ABA"} -index 0
stop
ps7_init
ps7_post_config
targets -set -nocase -filter {name =~ "ARM*#0" && jtag_cable_name =~ "Digilent Arty Z7 003017A4C8ABA"} -index 0
rst -processor
targets -set -nocase -filter {name =~ "ARM*#0" && jtag_cable_name =~ "Digilent Arty Z7 003017A4C8ABA"} -index 0
dow C:/LSE/cese_clp/tp_softcore/ip_synth/tp_softcore_ip/tp_softcore_ip.sdk/fir_app/Debug/fir_app.elf
configparams force-mem-access 0
----------------End of Script----------------

15:46:06 INFO  : Memory regions updated for context APU
15:46:06 INFO  : Context for processor 'ps7_cortexa9_0' is selected.
15:46:06 INFO  : 'con' command is executed.
15:46:06 INFO  : ----------------XSDB Script (After Launch)----------------
targets -set -nocase -filter {name =~ "ARM*#0" && jtag_cable_name =~ "Digilent Arty Z7 003017A4C8ABA"} -index 0
con
----------------End of Script----------------

15:46:06 INFO  : Launch script is exported to file 'C:\LSE\cese_clp\tp_softcore\ip_synth\tp_softcore_ip\tp_softcore_ip.sdk\.sdk\launch_scripts\xilinx_c-c++_application_(system_debugger)\fir_remote.tcl'
15:49:51 INFO  : Disconnected from the channel tcfchan#5.
15:49:55 INFO  : 'targets -set -filter {jtag_cable_name =~ "Digilent Arty Z7 003017A4C8ABA" && level==0} -index 1' command is executed.
15:49:56 INFO  : 'fpga -state' command is executed.
15:49:56 INFO  : Connected to target on host 'lseserver.ddns.net' and port '3121'.
15:49:56 WARN  : SDK version '2018.1' doesn't match hw_server version '2023.2'. Some debug features may not work.
15:50:01 INFO  : Jtag cable 'Digilent Arty Z7 003017A4C8ABA' is selected.
15:50:01 INFO  : 'jtag frequency' command is executed.
15:50:01 INFO  : Sourcing of 'C:/LSE/cese_clp/tp_softcore/ip_synth/tp_softcore_ip/tp_softcore_ip.sdk/system_hw_platform_0/ps7_init.tcl' is done.
15:50:02 INFO  : Context for 'APU' is selected.
15:50:05 INFO  : Hardware design information is loaded from 'C:/LSE/cese_clp/tp_softcore/ip_synth/tp_softcore_ip/tp_softcore_ip.sdk/system_hw_platform_0/system.hdf'.
15:50:05 INFO  : 'configparams force-mem-access 1' command is executed.
15:50:06 INFO  : Context for 'APU' is selected.
15:50:06 INFO  : 'stop' command is executed.
15:51:43 INFO  : 'ps7_init' command is executed.
15:51:45 INFO  : 'ps7_post_config' command is executed.
15:51:46 INFO  : Context for processor 'ps7_cortexa9_0' is selected.
15:51:47 INFO  : Processor reset is completed for 'ps7_cortexa9_0'.
15:51:47 INFO  : Context for processor 'ps7_cortexa9_0' is selected.
15:51:49 INFO  : The application 'C:/LSE/cese_clp/tp_softcore/ip_synth/tp_softcore_ip/tp_softcore_ip.sdk/fir_app/Debug/fir_app.elf' is downloaded to processor 'ps7_cortexa9_0'.
15:51:49 INFO  : 'configparams force-mem-access 0' command is executed.
15:51:49 INFO  : ----------------XSDB Script----------------
connect -url tcp:lseserver.ddns.net:3121
source C:/LSE/cese_clp/tp_softcore/ip_synth/tp_softcore_ip/tp_softcore_ip.sdk/system_hw_platform_0/ps7_init.tcl
targets -set -nocase -filter {name =~"APU*" && jtag_cable_name =~ "Digilent Arty Z7 003017A4C8ABA"} -index 0
loadhw -hw C:/LSE/cese_clp/tp_softcore/ip_synth/tp_softcore_ip/tp_softcore_ip.sdk/system_hw_platform_0/system.hdf -mem-ranges [list {0x40000000 0xbfffffff}]
configparams force-mem-access 1
targets -set -nocase -filter {name =~"APU*" && jtag_cable_name =~ "Digilent Arty Z7 003017A4C8ABA"} -index 0
stop
ps7_init
ps7_post_config
targets -set -nocase -filter {name =~ "ARM*#0" && jtag_cable_name =~ "Digilent Arty Z7 003017A4C8ABA"} -index 0
rst -processor
targets -set -nocase -filter {name =~ "ARM*#0" && jtag_cable_name =~ "Digilent Arty Z7 003017A4C8ABA"} -index 0
dow C:/LSE/cese_clp/tp_softcore/ip_synth/tp_softcore_ip/tp_softcore_ip.sdk/fir_app/Debug/fir_app.elf
configparams force-mem-access 0
----------------End of Script----------------

15:51:51 INFO  : Memory regions updated for context APU
15:51:51 INFO  : Context for processor 'ps7_cortexa9_0' is selected.
15:51:52 INFO  : 'con' command is executed.
15:51:52 INFO  : ----------------XSDB Script (After Launch)----------------
targets -set -nocase -filter {name =~ "ARM*#0" && jtag_cable_name =~ "Digilent Arty Z7 003017A4C8ABA"} -index 0
con
----------------End of Script----------------

15:51:52 INFO  : Launch script is exported to file 'C:\LSE\cese_clp\tp_softcore\ip_synth\tp_softcore_ip\tp_softcore_ip.sdk\.sdk\launch_scripts\xilinx_c-c++_application_(system_debugger)\fir_remote.tcl'
21:42:51 INFO  : Disconnected from the channel tcfchan#6.
